2025-02-05 17:00:59,870 ERROR scheduler Exception in Enqueue Events for Site erpsite.com
Traceback (most recent call last):
  File "/home/aarav/frappe-bench/apps/frappe/frappe/utils/scheduler.py", line 80, in enqueue_events_for_site
    if is_scheduler_inactive():
       ^^^^^^^^^^^^^^^^^^^^^^^
  File "/home/aarav/frappe-bench/apps/frappe/frappe/utils/scheduler.py", line 124, in is_scheduler_inactive
    if is_scheduler_disabled(verbose=verbose):
       ^^^^^^^^^^^^^^^^^^^^^^^^^^^^^^^^^^^^^^
  File "/home/aarav/frappe-bench/apps/frappe/frappe/utils/scheduler.py", line 137, in is_scheduler_disabled
    frappe.db.get_single_value("System Settings", "enable_scheduler")
  File "/home/aarav/frappe-bench/apps/frappe/frappe/database/database.py", line 840, in get_single_value
    df = frappe.get_meta(doctype).get_field(fieldname)
         ^^^^^^^^^^^^^^^^^^^^^^^^
  File "/home/aarav/frappe-bench/apps/frappe/frappe/__init__.py", line 1318, in get_meta
    return frappe.model.meta.get_meta(doctype, cached=cached)
           ^^^^^^^^^^^^^^^^^^^^^^^^^^^^^^^^^^^^^^^^^^^^^^^^^^
  File "/home/aarav/frappe-bench/apps/frappe/frappe/model/meta.py", line 68, in get_meta
    meta = Meta(doctype)
           ^^^^^^^^^^^^^
  File "/home/aarav/frappe-bench/apps/frappe/frappe/model/meta.py", line 122, in __init__
    super().__init__("DocType", doctype)
  File "/home/aarav/frappe-bench/apps/frappe/frappe/model/document.py", line 126, in __init__
    self.load_from_db()
  File "/home/aarav/frappe-bench/apps/frappe/frappe/model/meta.py", line 128, in load_from_db
    super().load_from_db()
  File "/home/aarav/frappe-bench/apps/frappe/frappe/model/document.py", line 172, in load_from_db
    frappe.throw(
  File "/home/aarav/frappe-bench/apps/frappe/frappe/__init__.py", line 603, in throw
    msgprint(
  File "/home/aarav/frappe-bench/apps/frappe/frappe/__init__.py", line 568, in msgprint
    _raise_exception()
  File "/home/aarav/frappe-bench/apps/frappe/frappe/__init__.py", line 519, in _raise_exception
    raise exc
frappe.exceptions.DoesNotExistError: DocType System Settings not found
2025-02-06 10:00:59,515 ERROR scheduler Skipped queueing erpnext.utilities.doctype.video.video.update_youtube_data because it was found in queue for erpsite.com
2025-02-06 10:00:59,555 ERROR scheduler Skipped queueing frappe.email.doctype.auto_email_report.auto_email_report.send_daily because it was found in queue for erpsite.com
2025-02-06 10:00:59,591 ERROR scheduler Skipped queueing erpnext.crm.doctype.contract.contract.update_status_for_contracts because it was found in queue for erpsite.com
2025-02-06 10:00:59,632 ERROR scheduler Skipped queueing frappe.deferred_insert.save_to_db because it was found in queue for erpsite.com
2025-02-06 10:00:59,655 ERROR scheduler Skipped queueing erpnext.assets.doctype.asset.asset.update_maintenance_status because it was found in queue for erpsite.com
2025-02-06 10:00:59,709 ERROR scheduler Skipped queueing frappe.integrations.doctype.google_drive.google_drive.daily_backup because it was found in queue for erpsite.com
2025-02-06 10:00:59,734 ERROR scheduler Skipped queueing erpnext.manufacturing.doctype.bom_update_tool.bom_update_tool.auto_update_latest_price_in_all_boms because it was found in queue for erpsite.com
2025-02-06 10:00:59,772 ERROR scheduler Skipped queueing erpnext.crm.doctype.email_campaign.email_campaign.send_email_to_leads_or_contacts because it was found in queue for erpsite.com
2025-02-06 10:00:59,794 ERROR scheduler Skipped queueing frappe.twofactor.delete_all_barcodes_for_users because it was found in queue for erpsite.com
2025-02-06 10:00:59,821 ERROR scheduler Skipped queueing erpnext.assets.doctype.asset.asset.make_post_gl_entry because it was found in queue for erpsite.com
2025-02-06 10:00:59,847 ERROR scheduler Skipped queueing frappe.social.doctype.energy_point_settings.energy_point_settings.allocate_review_points because it was found in queue for erpsite.com
2025-02-06 10:00:59,952 ERROR scheduler Skipped queueing erpnext.crm.utils.open_leads_opportunities_based_on_todays_event because it was found in queue for erpsite.com
2025-02-06 10:01:00,054 ERROR scheduler Skipped queueing erpnext.assets.doctype.asset.depreciation.post_depreciation_entries because it was found in queue for erpsite.com
2025-02-06 10:01:00,086 ERROR scheduler Skipped queueing erpnext.accounts.utils.auto_create_exchange_rate_revaluation_daily because it was found in queue for erpsite.com
2025-02-06 10:01:00,103 ERROR scheduler Skipped queueing erpnext.stock.doctype.repost_item_valuation.repost_item_valuation.repost_entries because it was found in queue for erpsite.com
2025-02-06 10:01:00,124 ERROR scheduler Skipped queueing frappe.integrations.doctype.google_contacts.google_contacts.sync because it was found in queue for erpsite.com
2025-02-06 10:01:00,138 ERROR scheduler Skipped queueing frappe.integrations.doctype.s3_backup_settings.s3_backup_settings.take_backups_daily because it was found in queue for erpsite.com
2025-02-06 10:01:00,161 ERROR scheduler Skipped queueing erpnext.setup.doctype.company.company.cache_companies_monthly_sales_history because it was found in queue for erpsite.com
2025-02-06 10:01:00,234 ERROR scheduler Skipped queueing erpnext.accounts.utils.run_ledger_health_checks because it was found in queue for erpsite.com
2025-02-06 10:01:00,276 ERROR scheduler Skipped queueing frappe.email.doctype.newsletter.newsletter.send_scheduled_email because it was found in queue for erpsite.com
2025-02-06 10:01:00,308 ERROR scheduler Skipped queueing frappe.email.queue.flush because it was found in queue for erpsite.com
2025-02-06 10:01:00,339 ERROR scheduler Skipped queueing erpnext.support.doctype.issue.issue.auto_close_tickets because it was found in queue for erpsite.com
2025-02-06 10:01:00,349 ERROR scheduler Skipped queueing frappe.integrations.doctype.dropbox_settings.dropbox_settings.take_backups_daily because it was found in queue for erpsite.com
2025-02-06 10:01:00,467 ERROR scheduler Skipped queueing frappe.desk.page.backups.backups.delete_downloadable_backups because it was found in queue for erpsite.com
2025-02-06 10:01:00,474 ERROR scheduler Skipped queueing erpnext.projects.doctype.project.project.update_project_sales_billing because it was found in queue for erpsite.com
2025-02-06 10:01:00,511 ERROR scheduler Skipped queueing erpnext.accounts.doctype.process_subscription.process_subscription.create_subscription_process because it was found in queue for erpsite.com
2025-02-06 10:01:00,528 ERROR scheduler Skipped queueing erpnext.accounts.doctype.fiscal_year.fiscal_year.auto_create_fiscal_year because it was found in queue for erpsite.com
2025-02-06 10:01:00,537 ERROR scheduler Skipped queueing frappe.desk.notifications.clear_notifications because it was found in queue for erpsite.com
2025-02-06 10:01:00,571 ERROR scheduler Skipped queueing erpnext.stock.doctype.serial_no.serial_no.update_maintenance_status because it was found in queue for erpsite.com
2025-02-06 10:01:00,605 ERROR scheduler Skipped queueing frappe.integrations.doctype.google_calendar.google_calendar.sync because it was found in queue for erpsite.com
2025-02-06 10:01:00,624 ERROR scheduler Skipped queueing erpnext.erpnext_integrations.doctype.plaid_settings.plaid_settings.automatic_synchronization because it was found in queue for erpsite.com
2025-02-06 10:01:00,657 ERROR scheduler Skipped queueing frappe.model.utils.link_count.update_link_count because it was found in queue for erpsite.com
2025-02-06 10:01:00,681 ERROR scheduler Skipped queueing erpnext.setup.doctype.email_digest.email_digest.send because it was found in queue for erpsite.com
2025-02-06 10:01:00,709 ERROR scheduler Skipped queueing frappe.website.doctype.web_page.web_page.check_publish_status because it was found in queue for erpsite.com
2025-02-06 10:01:00,748 ERROR scheduler Skipped queueing erpnext.crm.doctype.opportunity.opportunity.auto_close_opportunity because it was found in queue for erpsite.com
2025-02-06 10:01:00,778 ERROR scheduler Skipped queueing erpnext.stock.reorder_item.reorder_item because it was found in queue for erpsite.com
2025-02-06 10:01:00,802 ERROR scheduler Skipped queueing erpnext.utilities.bulk_transaction.retry because it was found in queue for erpsite.com
2025-02-06 10:01:00,818 ERROR scheduler Skipped queueing frappe.automation.doctype.reminder.reminder.send_reminders because it was found in queue for erpsite.com
2025-02-06 10:02:01,013 ERROR scheduler Skipped queueing erpnext.crm.utils.open_leads_opportunities_based_on_todays_event because it was found in queue for erpsite.com
2025-02-06 10:02:01,027 ERROR scheduler Skipped queueing frappe.email.doctype.auto_email_report.auto_email_report.send_daily because it was found in queue for erpsite.com
2025-02-06 10:02:01,169 ERROR scheduler Skipped queueing erpnext.assets.doctype.asset.depreciation.post_depreciation_entries because it was found in queue for erpsite.com
2025-02-06 10:02:01,273 ERROR scheduler Skipped queueing frappe.integrations.doctype.dropbox_settings.dropbox_settings.take_backups_daily because it was found in queue for erpsite.com
2025-02-06 10:02:01,360 ERROR scheduler Skipped queueing erpnext.stock.doctype.repost_item_valuation.repost_item_valuation.repost_entries because it was found in queue for erpsite.com
2025-02-06 10:02:01,377 ERROR scheduler Skipped queueing erpnext.accounts.doctype.process_subscription.process_subscription.create_subscription_process because it was found in queue for erpsite.com
2025-02-06 10:02:01,549 ERROR scheduler Skipped queueing erpnext.utilities.bulk_transaction.retry because it was found in queue for erpsite.com
2025-02-06 10:02:02,130 ERROR scheduler Skipped queueing erpnext.setup.doctype.email_digest.email_digest.send because it was found in queue for erpsite.com
